<?xml version="1.0" encoding="UTF-8"?>
<testng-results skipped="0" failed="0" ignored="0" total="2" passed="2">
  <reporter-output>
  </reporter-output>
  <suite name="Default suite" duration-ms="47576" started-at="2021-02-07T05:47:10Z" finished-at="2021-02-07T05:47:58Z">
    <groups>
    </groups>
    <test name="Default test" duration-ms="47576" started-at="2021-02-07T05:47:10Z" finished-at="2021-02-07T05:47:58Z">
      <class name="com.PomDemo.LoginTest">
        <test-method status="PASS" signature="setUp()[pri:0, instance:com.PomDemo.LoginTest@149494d8]" name="setUp" is-config="true" duration-ms="18598" started-at="2021-02-07T05:47:10Z" finished-at="2021-02-07T05:47:29Z">
          <reporter-output>
          </reporter-output>
        </test-method> <!-- setUp -->
        <test-method status="PASS" signature="test02()[pri:0, instance:com.PomDemo.LoginTest@149494d8]" name="test02" duration-ms="9676" started-at="2021-02-07T05:47:29Z" finished-at="2021-02-07T05:47:38Z">
          <reporter-output>
          </reporter-output>
        </test-method> <!-- test02 -->
        <test-method status="PASS" signature="tearDown()[pri:0, instance:com.PomDemo.LoginTest@149494d8]" name="tearDown" is-config="true" duration-ms="145" started-at="2021-02-07T05:47:38Z" finished-at="2021-02-07T05:47:39Z">
          <reporter-output>
          </reporter-output>
        </test-method> <!-- tearDown -->
        <test-method status="PASS" signature="setUp()[pri:0, instance:com.PomDemo.LoginTest@149494d8]" name="setUp" is-config="true" duration-ms="11482" started-at="2021-02-07T05:47:39Z" finished-at="2021-02-07T05:47:50Z">
          <reporter-output>
          </reporter-output>
        </test-method> <!-- setUp -->
        <test-method status="PASS" signature="validLoginTest()[pri:0, instance:com.PomDemo.LoginTest@149494d8]" name="validLoginTest" duration-ms="5138" started-at="2021-02-07T05:47:50Z" finished-at="2021-02-07T05:47:55Z">
          <reporter-output>
          </reporter-output>
        </test-method> <!-- validLoginTest -->
        <test-method status="PASS" signature="tearDown()[pri:0, instance:com.PomDemo.LoginTest@149494d8]" name="tearDown" is-config="true" duration-ms="2473" started-at="2021-02-07T05:47:55Z" finished-at="2021-02-07T05:47:58Z">
          <reporter-output>
          </reporter-output>
        </test-method> <!-- tearDown -->
      </class> <!-- com.PomDemo.LoginTest -->
    </test> <!-- Default test -->
  </suite> <!-- Default suite -->
</testng-results>
